  adding: cs231n-2019-assignment2/ (stored 0%)
  adding: cs231n-2019-assignment2/PyTorch.ipynb (deflated 79%)
  adding: cs231n-2019-assignment2/FullyConnectedNets.ipynb (deflated 34%)
  adding: cs231n-2019-assignment2/cnn.py (deflated 74%)
  adding: cs231n-2019-assignment2/ConvolutionalNetworks.ipynb (deflated 31%)
  adding: cs231n-2019-assignment2/BatchNormalization.ipynb (deflated 30%)
  adding: cs231n-2019-assignment2/layers.py (deflated 84%)
  adding: cs231n-2019-assignment2/Dropout.ipynb (deflated 42%)
  adding: cs231n-2019-assignment2/optim.py (deflated 76%)
  adding: cs231n-2019-assignment2/fc_net.py (deflated 79%)
  adding: cs231n-2019-assignment2/TensorFlow.ipynb (deflated 78%)
  adding: PyTorch.ipynb (deflated 79%)
  adding: FullyConnectedNets.ipynb (deflated 34%)
  adding: notebook_images/ (stored 0%)
  adding: notebook_images/kitten.jpg (deflated 0%)
  adding: notebook_images/batchnorm_backpropagation_formulas.png (deflated 7%)
  adding: notebook_images/batchnorm_graph.png (deflated 10%)
  adding: notebook_images/puppy.jpg (deflated 18%)
  adding: notebook_images/normalization.png (deflated 2%)
  adding: ConvolutionalNetworks.ipynb (deflated 31%)
  adding: BatchNormalization.ipynb (deflated 30%)
  adding: assignment_zip.log (deflated 76%)
  adding: start_ipython_osx.sh (deflated 24%)
  adding: frameworkpython (deflated 36%)
  adding: Dropout.ipynb (deflated 42%)
  adding: cs231n/ (stored 0%)
  adding: cs231n/im2col.py (deflated 68%)
  adding: cs231n/classifiers/ (stored 0%)
  adding: cs231n/classifiers/__init__.py (stored 0%)
  adding: cs231n/classifiers/cnn.py (deflated 74%)
  adding: cs231n/classifiers/fc_net.py (deflated 79%)
  adding: cs231n/__init__.py (stored 0%)
  adding: cs231n/build/ (stored 0%)
  adding: cs231n/build/temp.linux-x86_64-3.7/ (stored 0%)
  adding: cs231n/build/temp.linux-x86_64-3.7/im2col_cython.o (deflated 83%)
  adding: cs231n/data_utils.py (deflated 69%)
  adding: cs231n/vis_utils.py (deflated 64%)
  adding: cs231n/layers.py (deflated 84%)
  adding: cs231n/fast_layers.py (deflated 73%)
  adding: cs231n/im2col_cython.cpython-37m-x86_64-linux-gnu.so (deflated 70%)
  adding: cs231n/optim.py (deflated 76%)
  adding: cs231n/im2col_cython.c (deflated 88%)
  adding: cs231n/im2col_cython.pyx (deflated 78%)
  adding: cs231n/setup.py (deflated 45%)
  adding: cs231n/layer_utils.py (deflated 80%)
  adding: cs231n/gradient_check.py (deflated 68%)
  adding: cs231n/solver.py (deflated 70%)
  adding: TensorFlow.ipynb (deflated 78%)
