  adding: Generative_Adversarial_Networks_PyTorch.ipynb (deflated 29%)
  adding: NetworkVisualization-PyTorch.ipynb (deflated 25%)
  adding: NetworkVisualization-TensorFlow.ipynb (deflated 74%)
  adding: Generative_Adversarial_Networks_TF.ipynb (deflated 76%)
  adding: LSTM_Captioning.ipynb (deflated 25%)
  adding: StyleTransfer-TensorFlow.ipynb (deflated 74%)
  adding: RNN_Captioning.ipynb (deflated 26%)
  adding: StyleTransfer-PyTorch.ipynb (deflated 25%)
  adding: cs231n/im2col.py (deflated 67%)
  adding: cs231n/rnn_layers.py (deflated 81%)
  adding: cs231n/classifiers/__init__.py (stored 0%)
  adding: cs231n/classifiers/squeezenet.py (deflated 72%)
  adding: cs231n/classifiers/rnn.py (deflated 73%)
  adding: cs231n/__init__.py (stored 0%)
  adding: cs231n/image_utils.py (deflated 57%)
  adding: cs231n/coco_utils.py (deflated 70%)
  adding: cs231n/data_utils.py (deflated 69%)
  adding: cs231n/layers.py (deflated 73%)
  adding: cs231n/fast_layers.py (deflated 73%)
  adding: cs231n/optim.py (deflated 61%)
  adding: cs231n/captioning_solver.py (deflated 66%)
  adding: cs231n/setup.py (deflated 45%)
  adding: cs231n/layer_utils.py (deflated 84%)
  adding: cs231n/gradient_check.py (deflated 68%)
